----------

Fri Feb 10 2023 20:02:51 GMT-0600 (hora estándar central)

"ruta" no se reconoce como un comando interno o externo,
programa o archivo por lotes ejecutable.


----------

Fri Feb 10 2023 20:02:51 GMT-0600 (hora estándar central)

fatal: not a git repository (or any of the parent directories): .git


----------

Fri Feb 10 2023 20:02:52 GMT-0600 (hora estándar central)

fatal: not a git repository (or any of the parent directories): .git


----------

Fri Feb 10 2023 20:02:52 GMT-0600 (hora estándar central)

fatal: not a git repository (or any of the parent directories): .git


----------

Fri Feb 10 2023 20:02:52 GMT-0600 (hora estándar central)

fatal: not a git repository (or any of the parent directories): .git


----------

Fri Feb 10 2023 20:02:52 GMT-0600 (hora estándar central)

fatal: not a git repository (or any of the parent directories): .git


----------

Fri Feb 10 2023 20:02:52 GMT-0600 (hora estándar central)

fatal: not a git repository (or any of the parent directories): .git


----------

Fri Feb 10 2023 20:08:43 GMT-0600 (hora estándar central)

"ruta" no se reconoce como un comando interno o externo,
programa o archivo por lotes ejecutable.


----------

Fri Feb 10 2023 20:08:43 GMT-0600 (hora estándar central)

fatal: not a git repository (or any of the parent directories): .git


----------

Fri Feb 10 2023 20:08:43 GMT-0600 (hora estándar central)

fatal: not a git repository (or any of the parent directories): .git


----------

Fri Feb 10 2023 20:08:43 GMT-0600 (hora estándar central)

fatal: not a git repository (or any of the parent directories): .git


----------

Fri Feb 10 2023 20:08:43 GMT-0600 (hora estándar central)

fatal: not a git repository (or any of the parent directories): .git


----------

Fri Feb 10 2023 20:08:43 GMT-0600 (hora estándar central)

fatal: not a git repository (or any of the parent directories): .git


----------

Fri Feb 10 2023 20:08:43 GMT-0600 (hora estándar central)

fatal: not a git repository (or any of the parent directories): .git


----------

Fri Feb 10 2023 20:10:50 GMT-0600 (hora estándar central)

"ruta" no se reconoce como un comando interno o externo,
programa o archivo por lotes ejecutable.


----------

Fri Feb 10 2023 20:10:50 GMT-0600 (hora estándar central)

fatal: not a git repository (or any of the parent directories): .git


----------

Fri Feb 10 2023 20:10:51 GMT-0600 (hora estándar central)

fatal: not a git repository (or any of the parent directories): .git


----------

Fri Feb 10 2023 20:10:51 GMT-0600 (hora estándar central)

fatal: not a git repository (or any of the parent directories): .git


----------

Fri Feb 10 2023 20:10:51 GMT-0600 (hora estándar central)

fatal: not a git repository (or any of the parent directories): .git


----------

Fri Feb 10 2023 20:10:51 GMT-0600 (hora estándar central)

fatal: not a git repository (or any of the parent directories): .git


----------

Fri Feb 10 2023 20:10:51 GMT-0600 (hora estándar central)

fatal: not a git repository (or any of the parent directories): .git


